<?xml version="1.0" encoding="UTF-8"?>
<!-- Generated by org.testng.reporters.JUnitXMLReporter -->
<testsuite ignored="0" hostname="ACSWDF004563" failures="0" tests="7" name="Item Category - CLN" time="142.738" errors="0" timestamp="2023-02-02T15:54:22 CET">
  <testcase classname="org.project.Test_Cases" name="openDataCollationPage_Testing" time="48.784"/>
  <testcase classname="org.project.Test_Cases" name="add_NewItemRow_Testing" time="1.357"/>
  <testcase classname="org.project.Test_Cases" name="fill_in_NewItemFields_Testing" time="0.061"/>
  <testcase classname="org.project.Test_Cases" name="fill_in_ItemCategory_Testing" time="13.629"/>
  <testcase classname="org.project.Test_Cases" name="fill_in_RightPartOfTable_Testing" time="27.572"/>
  <testcase classname="org.project.Test_Cases" name="finalize_ProcessingOfSalesOrder_Testing" time="14.406"/>
  <testcase classname="org.project.Test_Cases" name="postprocessing_ComparePostedAndCancelledSalesOrder_Testing" time="34.773"/>
</testsuite> <!-- Item Category - CLN -->
